CRITICAL - 2021-02-26 10:07:47 --> Encrypter needs a starter key.
#0 C:\Users\ffa\Desktop\modul\modul\system\Encryption\Encryption.php(155): CodeIgniter\Encryption\Exceptions\EncryptionException::forNeedsStarterKey()
#1 C:\Users\ffa\Desktop\modul\modul\system\Config\Services.php(234): CodeIgniter\Encryption\Encryption->initialize(Object(Config\Encryption))
#2 C:\Users\ffa\Desktop\modul\modul\app\Controllers\BaseController.php(46): CodeIgniter\Config\Services::encrypter()
#3 C:\Users\ffa\Desktop\modul\modul\system\CodeIgniter.php(887): App\Controllers\BaseController->initController(Object(CodeIgniter\HTTP\IncomingRequest), Object(CodeIgniter\HTTP\Response), Object(CodeIgniter\Log\Logger))
#4 C:\Users\ffa\Desktop\modul\modul\system\CodeIgniter.php(395): CodeIgniter\CodeIgniter->createController()
#5 C:\Users\ffa\Desktop\modul\modul\system\CodeIgniter.php(308): CodeIgniter\CodeIgniter->handleRequest(NULL, Object(Config\Cache), false)
#6 C:\Users\ffa\Desktop\modul\modul\public\index.php(45): CodeIgniter\CodeIgniter->run()
#7 C:\Users\ffa\Desktop\modul\modul\system\Commands\Server\rewrite.php(34): require_once('C:\\Users\\ffa\\De...')
#8 {main}
CRITICAL - 2021-02-26 10:07:53 --> Encrypter needs a starter key.
#0 C:\Users\ffa\Desktop\modul\modul\system\Encryption\Encryption.php(155): CodeIgniter\Encryption\Exceptions\EncryptionException::forNeedsStarterKey()
#1 C:\Users\ffa\Desktop\modul\modul\system\Config\Services.php(234): CodeIgniter\Encryption\Encryption->initialize(Object(Config\Encryption))
#2 C:\Users\ffa\Desktop\modul\modul\app\Controllers\BaseController.php(46): CodeIgniter\Config\Services::encrypter()
#3 C:\Users\ffa\Desktop\modul\modul\system\CodeIgniter.php(887): App\Controllers\BaseController->initController(Object(CodeIgniter\HTTP\IncomingRequest), Object(CodeIgniter\HTTP\Response), Object(CodeIgniter\Log\Logger))
#4 C:\Users\ffa\Desktop\modul\modul\system\CodeIgniter.php(395): CodeIgniter\CodeIgniter->createController()
#5 C:\Users\ffa\Desktop\modul\modul\system\CodeIgniter.php(308): CodeIgniter\CodeIgniter->handleRequest(NULL, Object(Config\Cache), false)
#6 C:\Users\ffa\Desktop\modul\modul\public\index.php(45): CodeIgniter\CodeIgniter->run()
#7 C:\Users\ffa\Desktop\modul\modul\system\Commands\Server\rewrite.php(34): require_once('C:\\Users\\ffa\\De...')
#8 {main}
CRITICAL - 2021-02-26 10:08:15 --> Encrypter needs a starter key.
#0 C:\Users\ffa\Desktop\modul\modul\system\Encryption\Encryption.php(155): CodeIgniter\Encryption\Exceptions\EncryptionException::forNeedsStarterKey()
#1 C:\Users\ffa\Desktop\modul\modul\system\Config\Services.php(234): CodeIgniter\Encryption\Encryption->initialize(Object(Config\Encryption))
#2 C:\Users\ffa\Desktop\modul\modul\app\Controllers\BaseController.php(46): CodeIgniter\Config\Services::encrypter()
#3 C:\Users\ffa\Desktop\modul\modul\system\CodeIgniter.php(887): App\Controllers\BaseController->initController(Object(CodeIgniter\HTTP\IncomingRequest), Object(CodeIgniter\HTTP\Response), Object(CodeIgniter\Log\Logger))
#4 C:\Users\ffa\Desktop\modul\modul\system\CodeIgniter.php(395): CodeIgniter\CodeIgniter->createController()
#5 C:\Users\ffa\Desktop\modul\modul\system\CodeIgniter.php(308): CodeIgniter\CodeIgniter->handleRequest(NULL, Object(Config\Cache), false)
#6 C:\Users\ffa\Desktop\modul\modul\public\index.php(45): CodeIgniter\CodeIgniter->run()
#7 C:\Users\ffa\Desktop\modul\modul\system\Commands\Server\rewrite.php(34): require_once('C:\\Users\\ffa\\De...')
#8 {main}
CRITICAL - 2021-02-26 10:13:44 --> Invalid file: login.php
#0 C:\Users\ffa\Desktop\modul\modul\system\View\View.php(228): CodeIgniter\Exceptions\FrameworkException::forInvalidFile('login.php')
#1 C:\Users\ffa\Desktop\modul\modul\system\View\View.php(525): CodeIgniter\View\View->render('login', NULL, true)
#2 C:\Users\ffa\Desktop\modul\modul\app\Views\template\layer.php(5): CodeIgniter\View\View->include('login')
#3 C:\Users\ffa\Desktop\modul\modul\system\View\View.php(246): include('C:\\Users\\ffa\\De...')
#4 C:\Users\ffa\Desktop\modul\modul\system\Common.php(1087): CodeIgniter\View\View->render('template/layer', Array, true)
#5 C:\Users\ffa\Desktop\modul\modul\app\Controllers\Crud.php(13): view('template/layer', Array)
#6 C:\Users\ffa\Desktop\modul\modul\system\CodeIgniter.php(914): App\Controllers\Crud->index()
#7 C:\Users\ffa\Desktop\modul\modul\system\CodeIgniter.php(400): CodeIgniter\CodeIgniter->runController(Object(App\Controllers\Crud))
#8 C:\Users\ffa\Desktop\modul\modul\system\CodeIgniter.php(308): CodeIgniter\CodeIgniter->handleRequest(NULL, Object(Config\Cache), false)
#9 C:\Users\ffa\Desktop\modul\modul\public\index.php(45): CodeIgniter\CodeIgniter->run()
#10 C:\Users\ffa\Desktop\modul\modul\system\Commands\Server\rewrite.php(34): require_once('C:\\Users\\ffa\\De...')
#11 {main}
CRITICAL - 2021-02-26 10:15:40 --> Invalid file: login.php
#0 C:\Users\ffa\Desktop\modul\modul\system\View\View.php(228): CodeIgniter\Exceptions\FrameworkException::forInvalidFile('login.php')
#1 C:\Users\ffa\Desktop\modul\modul\system\View\View.php(525): CodeIgniter\View\View->render('login', NULL, true)
#2 C:\Users\ffa\Desktop\modul\modul\app\Views\template\layer.php(5): CodeIgniter\View\View->include('login')
#3 C:\Users\ffa\Desktop\modul\modul\system\View\View.php(246): include('C:\\Users\\ffa\\De...')
#4 C:\Users\ffa\Desktop\modul\modul\system\Common.php(1087): CodeIgniter\View\View->render('template/layer', Array, true)
#5 C:\Users\ffa\Desktop\modul\modul\app\Controllers\Crud.php(13): view('template/layer', Array)
#6 C:\Users\ffa\Desktop\modul\modul\system\CodeIgniter.php(914): App\Controllers\Crud->index()
#7 C:\Users\ffa\Desktop\modul\modul\system\CodeIgniter.php(400): CodeIgniter\CodeIgniter->runController(Object(App\Controllers\Crud))
#8 C:\Users\ffa\Desktop\modul\modul\system\CodeIgniter.php(308): CodeIgniter\CodeIgniter->handleRequest(NULL, Object(Config\Cache), false)
#9 C:\Users\ffa\Desktop\modul\modul\public\index.php(45): CodeIgniter\CodeIgniter->run()
#10 C:\Users\ffa\Desktop\modul\modul\system\Commands\Server\rewrite.php(34): require_once('C:\\Users\\ffa\\De...')
#11 {main}
CRITICAL - 2021-02-26 10:57:28 --> Call to undefined function App\Database\Seeds\random_string()
#0 C:\Users\ffa\Desktop\modul\modul\system\Database\Seeder.php(174): App\Database\Seeds\Crud->run()
#1 C:\Users\ffa\Desktop\modul\modul\system\Commands\Database\Seed.php(124): CodeIgniter\Database\Seeder->call('App\\Database\\Se...')
#2 C:\Users\ffa\Desktop\modul\modul\system\CLI\CommandRunner.php(137): CodeIgniter\Commands\Database\Seed->run(Array)
#3 C:\Users\ffa\Desktop\modul\modul\system\CLI\CommandRunner.php(110): CodeIgniter\CLI\CommandRunner->runCommand('db:seed', Array)
#4 C:\Users\ffa\Desktop\modul\modul\system\CLI\CommandRunner.php(86): CodeIgniter\CLI\CommandRunner->index(Array)
#5 C:\Users\ffa\Desktop\modul\modul\system\CodeIgniter.php(910): CodeIgniter\CLI\CommandRunner->_remap('index', 'db:seed')
#6 C:\Users\ffa\Desktop\modul\modul\system\CodeIgniter.php(400): CodeIgniter\CodeIgniter->runController(Object(CodeIgniter\CLI\CommandRunner))
#7 C:\Users\ffa\Desktop\modul\modul\system\CodeIgniter.php(308): CodeIgniter\CodeIgniter->handleRequest(NULL, Object(Config\Cache), false)
#8 C:\Users\ffa\Desktop\modul\modul\system\CLI\Console.php(86): CodeIgniter\CodeIgniter->run()
#9 C:\Users\ffa\Desktop\modul\modul\spark(57): CodeIgniter\CLI\Console->run()
#10 {main}
CRITICAL - 2021-02-26 13:52:31 --> Call to undefined function getSegment()
#0 C:\Users\ffa\Desktop\modul\modul\system\View\View.php(246): include()
#1 C:\Users\ffa\Desktop\modul\modul\system\View\View.php(525): CodeIgniter\View\View->render('content', NULL, true)
#2 C:\Users\ffa\Desktop\modul\modul\app\Views\template\layer.php(5): CodeIgniter\View\View->include('content')
#3 C:\Users\ffa\Desktop\modul\modul\system\View\View.php(246): include('C:\\Users\\ffa\\De...')
#4 C:\Users\ffa\Desktop\modul\modul\system\Common.php(1087): CodeIgniter\View\View->render('template/layer', Array, true)
#5 C:\Users\ffa\Desktop\modul\modul\app\Controllers\Crud.php(13): view('template/layer', Array)
#6 C:\Users\ffa\Desktop\modul\modul\system\CodeIgniter.php(914): App\Controllers\Crud->index()
#7 C:\Users\ffa\Desktop\modul\modul\system\CodeIgniter.php(400): CodeIgniter\CodeIgniter->runController(Object(App\Controllers\Crud))
#8 C:\Users\ffa\Desktop\modul\modul\system\CodeIgniter.php(308): CodeIgniter\CodeIgniter->handleRequest(NULL, Object(Config\Cache), false)
#9 C:\Users\ffa\Desktop\modul\modul\public\index.php(45): CodeIgniter\CodeIgniter->run()
#10 C:\Users\ffa\Desktop\modul\modul\system\Commands\Server\rewrite.php(34): require_once('C:\\Users\\ffa\\De...')
#11 {main}
CRITICAL - 2021-02-26 14:36:57 --> Table 'crud4.tb_client' doesn't exist
#0 C:\Users\ffa\Desktop\modul\modul\system\Database\MySQLi\Connection.php(331): mysqli->query('SELECT *\nFROM `...')
#1 C:\Users\ffa\Desktop\modul\modul\system\Database\BaseConnection.php(738): CodeIgniter\Database\MySQLi\Connection->execute('SELECT *\nFROM `...')
#2 C:\Users\ffa\Desktop\modul\modul\system\Database\BaseConnection.php(666): CodeIgniter\Database\BaseConnection->simpleQuery('SELECT *\nFROM `...')
#3 C:\Users\ffa\Desktop\modul\modul\system\Database\BaseBuilder.php(2004): CodeIgniter\Database\BaseConnection->query('SELECT *\nFROM `...', Array, false)
#4 C:\Users\ffa\Desktop\modul\modul\app\Models\Mdata.php(81): CodeIgniter\Database\BaseBuilder->getWhere(Array)
#5 C:\Users\ffa\Desktop\modul\modul\app\Controllers\Crud.php(28): App\Models\Mdata->cc(Array, 'tb_client')
#6 C:\Users\ffa\Desktop\modul\modul\system\CodeIgniter.php(914): App\Controllers\Crud->dcommon()
#7 C:\Users\ffa\Desktop\modul\modul\system\CodeIgniter.php(400): CodeIgniter\CodeIgniter->runController(Object(App\Controllers\Crud))
#8 C:\Users\ffa\Desktop\modul\modul\system\CodeIgniter.php(308): CodeIgniter\CodeIgniter->handleRequest(NULL, Object(Config\Cache), false)
#9 C:\Users\ffa\Desktop\modul\modul\public\index.php(45): CodeIgniter\CodeIgniter->run()
#10 C:\Users\ffa\Desktop\modul\modul\system\Commands\Server\rewrite.php(34): require_once('C:\\Users\\ffa\\De...')
#11 {main}
CRITICAL - 2021-02-26 14:51:24 --> count(): Parameter must be an array or an object that implements Countable
#0 [internal function]: CodeIgniter\Debug\Exceptions->errorHandler(2, 'count(): Parame...', 'C:\\Users\\ffa\\De...', 93, Array)
#1 C:\Users\ffa\Desktop\modul\modul\app\Models\Mdata.php(93): count(Object(stdClass))
#2 C:\Users\ffa\Desktop\modul\modul\app\Controllers\Crud.php(28): App\Models\Mdata->cr(Array, 'pelanggan')
#3 C:\Users\ffa\Desktop\modul\modul\system\CodeIgniter.php(914): App\Controllers\Crud->edit('345')
#4 C:\Users\ffa\Desktop\modul\modul\system\CodeIgniter.php(400): CodeIgniter\CodeIgniter->runController(Object(App\Controllers\Crud))
#5 C:\Users\ffa\Desktop\modul\modul\system\CodeIgniter.php(308): CodeIgniter\CodeIgniter->handleRequest(NULL, Object(Config\Cache), false)
#6 C:\Users\ffa\Desktop\modul\modul\public\index.php(45): CodeIgniter\CodeIgniter->run()
#7 C:\Users\ffa\Desktop\modul\modul\system\Commands\Server\rewrite.php(34): require_once('C:\\Users\\ffa\\De...')
#8 {main}
CRITICAL - 2021-02-26 14:52:26 --> Undefined property: stdClass::$Pelanggan_id
#0 C:\Users\ffa\Desktop\modul\modul\app\Views\edit.php(14): CodeIgniter\Debug\Exceptions->errorHandler(8, 'Undefined prope...', 'C:\\Users\\ffa\\De...', 14, Array)
#1 C:\Users\ffa\Desktop\modul\modul\system\View\View.php(246): include('C:\\Users\\ffa\\De...')
#2 C:\Users\ffa\Desktop\modul\modul\system\View\View.php(525): CodeIgniter\View\View->render('edit', NULL, true)
#3 C:\Users\ffa\Desktop\modul\modul\app\Views\template\layer.php(5): CodeIgniter\View\View->include('edit')
#4 C:\Users\ffa\Desktop\modul\modul\system\View\View.php(246): include('C:\\Users\\ffa\\De...')
#5 C:\Users\ffa\Desktop\modul\modul\system\Common.php(1087): CodeIgniter\View\View->render('template/layer', Array, true)
#6 C:\Users\ffa\Desktop\modul\modul\app\Controllers\Crud.php(38): view('template/layer', Array)
#7 C:\Users\ffa\Desktop\modul\modul\system\CodeIgniter.php(914): App\Controllers\Crud->edit('345')
#8 C:\Users\ffa\Desktop\modul\modul\system\CodeIgniter.php(400): CodeIgniter\CodeIgniter->runController(Object(App\Controllers\Crud))
#9 C:\Users\ffa\Desktop\modul\modul\system\CodeIgniter.php(308): CodeIgniter\CodeIgniter->handleRequest(NULL, Object(Config\Cache), false)
#10 C:\Users\ffa\Desktop\modul\modul\public\index.php(45): CodeIgniter\CodeIgniter->run()
#11 C:\Users\ffa\Desktop\modul\modul\system\Commands\Server\rewrite.php(34): require_once('C:\\Users\\ffa\\De...')
#12 {main}
